{
  "RSpec": {
    "coverage": {
      "/Users/aromaron/Projects/acts_as_holdable/lib/acts_as_holdable.rb": [
        1,
        1,
        null,
        1,
        1,
        null,
        1,
        1,
        1,
        1,
        null,
        1,
        1,
        null,
        null,
        null,
        null,
        null,
        1,
        1,
        1,
        null
      ],
      "/Users/aromaron/Projects/acts_as_holdable/lib/acts_as_holdable/engine.rb": [
        1,
        1,
        null,
        null
      ],
      "/Users/aromaron/Projects/acts_as_holdable/lib/acts_as_holdable/holdable.rb": [
        1,
        1,
        1,
        9,
        null,
        null,
        1,
        2,
        null,
        null,
        1,
        null,
        1,
        2,
        null,
        2,
        0,
        null,
        2,
        2,
        null,
        2,
        2,
        null,
        2,
        null,
        2,
        16,
        null,
        null,
        null,
        2,
        null,
        null,
        null
      ],
      "/Users/aromaron/Projects/acts_as_holdable/lib/acts_as_holdable/holder.rb": [
        1,
        1,
        1,
        1,
        null,
        null,
        1,
        1,
        2,
        2,
        null,
        null,
        2,
        2,
        null,
        null,
        1,
        3,
        null,
        null,
        null,
        1,
        null,
        1,
        6,
        2,
        2,
        null,
        null,
        4,
        null,
        3,
        2,
        2,
        null,
        null,
        null,
        1,
        1,
        null,
        null,
        null,
        1,
        1,
        21,
        null,
        null,
        null,
        null
      ],
      "/Users/aromaron/Projects/acts_as_holdable/spec/internal/db/schema.rb": [
        null,
        null,
        1,
        null,
        null,
        null,
        1,
        1,
        1,
        null,
        null,
        1,
        1,
        null,
        null,
        1,
        1,
        null,
        null,
        1,
        1,
        null,
        null,
        1,
        1,
        null,
        null,
        1,
        1,
        1,
        1,
        null,
        null
      ],
      "/Users/aromaron/Projects/acts_as_holdable/spec/internal/config/routes.rb": [
        null,
        null,
        1,
        null,
        null
      ],
      "/Users/aromaron/Projects/acts_as_holdable/config/routes.rb": [
        1,
        null
      ],
      "/Users/aromaron/Projects/acts_as_holdable/spec/support/database.rb": [
        null,
        null,
        1,
        1,
        null,
        1,
        null,
        1,
        1,
        1,
        1,
        1,
        1,
        null,
        1,
        null,
        null,
        1,
        0,
        null,
        0,
        null,
        0,
        null,
        1,
        null,
        0,
        0,
        null,
        0,
        0,
        null,
        null,
        1,
        null,
        null,
        1,
        null,
        6,
        null,
        0,
        null
      ],
      "/Users/aromaron/Projects/acts_as_holdable/spec/internal/app/models/generic_model.rb": [
        1,
        null
      ],
      "/Users/aromaron/Projects/acts_as_holdable/spec/internal/app/models/holdable_model.rb": [
        1,
        1,
        null
      ],
      "/Users/aromaron/Projects/acts_as_holdable/lib/acts_as_holdable/holdable/core.rb": [
        1,
        1,
        1,
        1,
        null,
        null,
        null,
        null,
        null
      ],
      "/Users/aromaron/Projects/acts_as_holdable/spec/internal/app/models/holders_model.rb": [
        1,
        1,
        null
      ],
      "/Users/aromaron/Projects/acts_as_holdable/spec/internal/app/models/not_holder_model.rb": [
        1,
        null
      ],
      "/Users/aromaron/Projects/acts_as_holdable/spec/internal/app/models/unholdable_model.rb": [
        1,
        null
      ],
      "/Users/aromaron/Projects/acts_as_holdable/spec/acts_as_holdable/acts_as_holder_spec.rb": [
        1,
        null,
        1,
        1,
        1,
        null,
        null,
        1,
        1,
        1,
        1,
        null,
        null,
        1,
        1,
        null,
        null,
        null,
        1,
        1,
        5,
        null,
        null,
        1,
        1,
        null,
        null,
        1,
        1,
        null,
        null,
        1,
        1,
        null,
        null,
        1,
        1,
        null,
        null,
        1,
        1,
        null,
        null,
        null,
        1,
        1,
        1,
        1,
        1,
        null,
        null,
        null
      ],
      "/Users/aromaron/Projects/acts_as_holdable/spec/acts_as_holdable/holdable_spec.rb": [
        1,
        null,
        1,
        1,
        4,
        null,
        null,
        1,
        1,
        null,
        null,
        1,
        1,
        null,
        null,
        1,
        1,
        2,
        2,
        2,
        2,
        2,
        null,
        null,
        1,
        1,
        1,
        null,
        null,
        1,
        1,
        1,
        1,
        null,
        null,
        null
      ],
      "/Users/aromaron/Projects/acts_as_holdable/spec/acts_as_holdable/holder_spec.rb": [
        1,
        null,
        1,
        1,
        12,
        null,
        null,
        1,
        1,
        null,
        null,
        1,
        1,
        null,
        null,
        1,
        1,
        2,
        2,
        2,
        2,
        2,
        null,
        null,
        1,
        1,
        1,
        null,
        null,
        1,
        1,
        1,
        1,
        null,
        null,
        null,
        1,
        1,
        4,
        4,
        null,
        null,
        1,
        1,
        null,
        null,
        1,
        1,
        1,
        null,
        1,
        1,
        null,
        null,
        1,
        1,
        1,
        1,
        null,
        null,
        1,
        1,
        null,
        null,
        null,
        1,
        1,
        4,
        null,
        null,
        1,
        1,
        null,
        null,
        1,
        1,
        1,
        1,
        1,
        null,
        null,
        1,
        2,
        null,
        null,
        1,
        1,
        1,
        1,
        null,
        null,
        1,
        null,
        null,
        null
      ],
      "/Users/aromaron/Projects/acts_as_holdable/spec/acts_as_holdable/holding_spec.rb": [
        1,
        null,
        1,
        1,
        8,
        8,
        8,
        8,
        8,
        null,
        null,
        1,
        1,
        null,
        null,
        1,
        1,
        null,
        null,
        1,
        1,
        1,
        null,
        null,
        1,
        1,
        1,
        null,
        null,
        1,
        1,
        1,
        1,
        1,
        null,
        null,
        1,
        1,
        1,
        1,
        1,
        null,
        null,
        1,
        1,
        null,
        null,
        1,
        1,
        null,
        null
      ],
      "/Users/aromaron/Projects/acts_as_holdable/lib/acts_as_holdable/holding.rb": [
        1,
        null,
        1,
        1,
        1,
        null,
        1,
        1,
        1,
        null,
        1,
        null,
        null,
        1,
        20,
        5,
        null,
        null,
        null,
        null,
        1,
        20,
        1,
        null,
        null,
        null,
        null
      ],
      "/Users/aromaron/Projects/acts_as_holdable/lib/acts_as_holdable/t.rb": [
        1,
        1,
        1,
        6,
        null,
        null,
        1,
        6,
        null,
        null,
        null
      ]
    },
    "timestamp": 1527703181
  }
}
